2024-06-30 14:58:33 Server started with PID: 11791
node:internal/modules/cjs/loader:1148
  throw err;
  ^

Error: Cannot find module 'discord.js'
Require stack:
- /home/xylo/dev/js/Asouliya/main.js
    at Module._resolveFilename (node:internal/modules/cjs/loader:1145:15)
    at Module._load (node:internal/modules/cjs/loader:986:27)
    at Module.require (node:internal/modules/cjs/loader:1233:19)
    at require (node:internal/modules/helpers:179:18)
    at Object.<anonymous> (/home/xylo/dev/js/Asouliya/main.js:3:59)
    at Module._compile (node:internal/modules/cjs/loader:1358:14)
    at Module._extensions..js (node:internal/modules/cjs/loader:1416:10)
    at Module.load (node:internal/modules/cjs/loader:1208:32)
    at Module._load (node:internal/modules/cjs/loader:1024:12)
    at Function.executeUserEntryPoint [as runMain] (node:internal/modules/run_main:174:12) {
  code: 'MODULE_NOT_FOUND',
  requireStack: [ '/home/xylo/dev/js/Asouliya/main.js' ]
}

Node.js v20.15.0
2024-06-30 14:58:33 Server with PID 11791 crashed with exit code 1. Respawning in 60s..
