2024-04-30 20:50:15 Server started with PID: 1745
Ready! Logged in as Asouliya#4152
node:internal/process/promises:289
            triggerUncaughtException(err, true /* fromPromise */);
            ^

ConnectTimeoutError: Connect Timeout Error
    at onConnectTimeout (/home/xylo/Js/Asouliya/node_modules/undici/lib/core/connect.js:186:24)
    at /home/xylo/Js/Asouliya/node_modules/undici/lib/core/connect.js:133:46
    at Immediate._onImmediate (/home/xylo/Js/Asouliya/node_modules/undici/lib/core/connect.js:174:9)
    at process.processImmediate (node:internal/timers:478:21) {
  code: 'UND_ERR_CONNECT_TIMEOUT'
}

Node.js v20.12.2
2024-04-30 20:53:07 Server with PID 1745 crashed with exit code 1. Respawning in 60s..
2024-04-30 20:54:07 Server restarted with PID: 1776
node:internal/process/promises:289
            triggerUncaughtException(err, true /* fromPromise */);
            ^

Error: getaddrinfo EAI_AGAIN gateway.discord.gg
    at GetAddrInfoReqWrap.onlookupall [as oncomplete] (node:dns:118:26) {
  errno: -3001,
  code: 'EAI_AGAIN',
  syscall: 'getaddrinfo',
  hostname: 'gateway.discord.gg'
}

Node.js v20.12.2
2024-04-30 20:54:42 Server with PID 1776 crashed with exit code 1. Respawning in 60s..
2024-04-30 20:55:42 Server restarted with PID: 1810
Ready! Logged in as Asouliya#4152
node:internal/process/promises:289
            triggerUncaughtException(err, true /* fromPromise */);
            ^

ConnectTimeoutError: Connect Timeout Error
    at onConnectTimeout (/home/xylo/Js/Asouliya/node_modules/undici/lib/core/connect.js:186:24)
    at /home/xylo/Js/Asouliya/node_modules/undici/lib/core/connect.js:133:46
    at Immediate._onImmediate (/home/xylo/Js/Asouliya/node_modules/undici/lib/core/connect.js:174:9)
    at process.processImmediate (node:internal/timers:478:21) {
  code: 'UND_ERR_CONNECT_TIMEOUT'
}

Node.js v20.12.2
2024-04-30 20:56:22 Server with PID 1810 crashed with exit code 1. Respawning in 60s..
2024-04-30 20:57:22 Server restarted with PID: 1828
Ready! Logged in as Asouliya#4152
